<?xml version="1.0" encoding="UTF-8"?>
<!-- Generated by org.testng.reporters.JUnitReportReporter -->
<testsuite hostname="LAPTOP-OLR835K7" name="WebDrivertest.MyTestNGfirstproject.helloworld" tests="1" failures="0" timestamp="6 Nov 2016 04:57:52 GMT" time="0.008" errors="0">
  <testcase name="test" time="0.008" classname="WebDrivertest.MyTestNGfirstproject.helloworld"/>
</testsuite> <!-- WebDrivertest.MyTestNGfirstproject.helloworld -->
